{
  "RSpec": {
    "coverage": {
      "/Users/apple/gitrepo/Libr/app/controllers/application_controller.rb": [
        1,
        1,
        1,
        null,
        1,
        0,
        null,
        0,
        0,
        null,
        null,
        null,
        1,
        0,
        0,
        null,
        0,
        0,
        null,
        0,
        null,
        null,
        null
      ],
      "/Users/apple/gitrepo/Libr/app/helpers/application_helper.rb": [
        1,
        null
      ],
      "/Users/apple/gitrepo/Libr/app/helpers/book_helper.rb": [
        1,
        null
      ],
      "/Users/apple/gitrepo/Libr/app/helpers/home_helper.rb": [
        1,
        null,
        null,
        null
      ],
      "/Users/apple/gitrepo/Libr/app/helpers/search_helper.rb": [
        1,
        null
      ],
      "/Users/apple/gitrepo/Libr/app/helpers/user_helper.rb": [
        1,
        null,
        null,
        null
      ],
      "/Users/apple/gitrepo/Libr/app/controllers/book_controller.rb": [
        1,
        1,
        1,
        null,
        1,
        0,
        0,
        0,
        0,
        0,
        null,
        null,
        1,
        0,
        0,
        0,
        null,
        0,
        null,
        null,
        null,
        1,
        0,
        0,
        0,
        null,
        0,
        0,
        0,
        null,
        null,
        0,
        0,
        null,
        0,
        null,
        null,
        1,
        0,
        null,
        null,
        1,
        0,
        0,
        0,
        null,
        0,
        0,
        null,
        0,
        0,
        0,
        null,
        null
      ],
      "/Users/apple/gitrepo/Libr/app/models/book.rb": [
        1,
        1,
        1,
        1,
        1,
        1,
        null,
        1,
        10,
        10,
        18,
        8,
        null,
        null,
        10,
        null,
        null,
        1,
        8,
        8,
        16,
        8,
        null,
        null,
        8,
        null,
        null,
        1,
        30,
        30,
        36,
        26,
        26,
        null,
        null,
        30,
        null,
        null,
        1,
        0,
        null,
        null,
        null
      ],
      "/Users/apple/gitrepo/Libr/app/controllers/home_controller.rb": [
        1,
        1,
        null,
        1,
        1,
        1,
        1,
        null,
        1,
        0,
        0,
        0,
        null,
        0,
        0,
        null,
        null,
        null,
        null,
        1,
        null,
        0,
        0,
        0,
        0,
        null,
        null,
        1,
        0,
        0,
        0,
        0,
        0,
        null,
        null
      ],
      "/Users/apple/gitrepo/Libr/lib/douban_auth.rb": [
        1,
        1,
        null,
        1,
        null,
        null,
        1,
        0,
        0,
        null,
        0,
        null,
        null,
        null,
        null,
        null,
        null,
        1,
        0,
        0,
        0,
        0,
        0,
        null,
        null,
        null,
        0,
        null,
        null,
        null,
        0,
        0,
        0,
        null,
        null,
        1,
        0,
        0,
        0,
        0,
        null,
        null,
        0,
        0,
        0,
        null,
        null,
        null
      ],
      "/Users/apple/gitrepo/Libr/lib/qq_auth.rb": [
        1,
        1,
        null,
        1,
        1,
        0,
        0,
        null,
        0,
        null,
        null,
        null,
        null,
        null,
        null,
        1,
        0,
        0,
        0,
        null,
        null,
        null,
        null,
        null,
        0,
        0,
        null,
        null,
        null,
        1,
        0,
        0,
        0,
        null,
        0,
        0,
        null,
        null,
        1,
        0,
        0,
        0,
        null,
        null,
        null,
        0,
        0,
        null,
        null,
        1,
        0,
        0,
        0,
        null,
        null
      ],
      "/Users/apple/gitrepo/Libr/app/controllers/search_controller.rb": [
        1,
        null,
        1,
        0,
        0,
        null,
        null
      ],
      "/Users/apple/gitrepo/Libr/app/controllers/user_controller.rb": [
        1,
        1,
        null,
        1,
        1,
        1,
        1,
        null,
        1,
        0,
        null,
        null,
        1,
        0,
        0,
        null,
        null,
        1,
        0,
        0,
        null,
        null,
        1,
        0,
        0,
        null,
        null,
        1,
        0,
        0,
        0,
        null,
        0,
        0,
        null,
        0,
        null,
        0,
        null,
        0,
        0,
        null,
        null,
        1,
        0,
        0,
        0,
        0,
        0,
        0,
        null,
        0,
        null,
        0,
        null,
        null,
        1,
        0,
        null,
        0,
        0,
        null,
        null,
        1,
        null,
        0,
        0,
        0,
        0,
        0,
        null,
        null,
        0,
        null,
        0,
        0,
        0,
        0,
        null,
        null,
        0,
        0,
        0,
        0,
        null,
        null,
        null,
        1,
        0,
        0,
        0,
        0,
        null,
        0,
        0,
        0,
        0,
        null,
        null,
        null,
        null
      ],
      "/Users/apple/gitrepo/Libr/app/models/user.rb": [
        1,
        1,
        null,
        null,
        1,
        null,
        1,
        null,
        1,
        null,
        null,
        1,
        0,
        null,
        null,
        1,
        24,
        24,
        22,
        null,
        null,
        null,
        1,
        14,
        24,
        null,
        null,
        null,
        1,
        2,
        null,
        null,
        1,
        4,
        4,
        null,
        null,
        1,
        0,
        null,
        null,
        1,
        0,
        null,
        null,
        1,
        0,
        null,
        null,
        1,
        4,
        4,
        4,
        null,
        null
      ],
      "/Users/apple/gitrepo/Libr/app/models/book_instance.rb": [
        1,
        1,
        1,
        1,
        1,
        null,
        1,
        1,
        null,
        1,
        1,
        null,
        null,
        1,
        66,
        null,
        null,
        1,
        8,
        8,
        null,
        null,
        null,
        null
      ],
      "/Users/apple/gitrepo/Libr/app/models/borrow_record.rb": [
        1,
        1,
        1,
        1,
        1,
        null,
        1,
        null,
        1,
        0,
        0,
        0,
        0,
        null,
        0,
        null,
        null,
        null,
        null,
        null,
        null,
        1,
        4,
        null,
        null
      ],
      "/Users/apple/gitrepo/Libr/app/models/user_to_book.rb": [
        1,
        null,
        1,
        1,
        1,
        null,
        null
      ]
    },
    "timestamp": 1361070836
  }
}
